{"C:\\Users\\ramya\\OneDrive\\Desktop\\JSPractice\\FullStackOpen_Exercises\\part5\\src\\App.jsx": {"path":"C:\\Users\\ramya\\OneDrive\\Desktop\\JSPractice\\FullStackOpen_Exercises\\part5\\src\\App.jsx","statementMap":{"0":{"start":{"line":11,"column":12},"end":{"line":145,"column":1}},"1":{"start":{"line":12,"column":30},"end":{"line":12,"column":42}},"2":{"start":{"line":13,"column":36},"end":{"line":13,"column":48}},"3":{"start":{"line":14,"column":36},"end":{"line":14,"column":48}},"4":{"start":{"line":15,"column":28},"end":{"line":15,"column":42}},"5":{"start":{"line":16,"column":34},"end":{"line":16,"column":48}},"6":{"start":{"line":17,"column":34},"end":{"line":17,"column":45}},"7":{"start":{"line":19,"column":23},"end":{"line":19,"column":31}},"8":{"start":{"line":22,"column":4},"end":{"line":28,"column":14}},"9":{"start":{"line":23,"column":8},"end":{"line":27,"column":9}},"10":{"start":{"line":24,"column":12},"end":{"line":26,"column":13}},"11":{"start":{"line":25,"column":16},"end":{"line":25,"column":31}},"12":{"start":{"line":30,"column":4},"end":{"line":37,"column":10}},"13":{"start":{"line":31,"column":31},"end":{"line":31,"column":72}},"14":{"start":{"line":32,"column":8},"end":{"line":36,"column":9}},"15":{"start":{"line":33,"column":25},"end":{"line":33,"column":51}},"16":{"start":{"line":34,"column":12},"end":{"line":34,"column":25}},"17":{"start":{"line":35,"column":12},"end":{"line":35,"column":44}},"18":{"start":{"line":39,"column":24},"end":{"line":56,"column":5}},"19":{"start":{"line":40,"column":8},"end":{"line":40,"column":30}},"20":{"start":{"line":41,"column":8},"end":{"line":55,"column":9}},"21":{"start":{"line":42,"column":25},"end":{"line":44,"column":13}},"22":{"start":{"line":45,"column":12},"end":{"line":45,"column":25}},"23":{"start":{"line":46,"column":12},"end":{"line":46,"column":27}},"24":{"start":{"line":47,"column":12},"end":{"line":47,"column":27}},"25":{"start":{"line":48,"column":12},"end":{"line":48,"column":75}},"26":{"start":{"line":49,"column":12},"end":{"line":49,"column":44}},"27":{"start":{"line":51,"column":12},"end":{"line":51,"column":57}},"28":{"start":{"line":52,"column":12},"end":{"line":54,"column":20}},"29":{"start":{"line":53,"column":16},"end":{"line":53,"column":32}},"30":{"start":{"line":58,"column":25},"end":{"line":62,"column":5}},"31":{"start":{"line":59,"column":8},"end":{"line":59,"column":30}},"32":{"start":{"line":60,"column":8},"end":{"line":60,"column":35}},"33":{"start":{"line":61,"column":8},"end":{"line":61,"column":21}},"34":{"start":{"line":64,"column":23},"end":{"line":83,"column":5}},"35":{"start":{"line":65,"column":8},"end":{"line":65,"column":45}},"36":{"start":{"line":66,"column":8},"end":{"line":82,"column":9}},"37":{"start":{"line":67,"column":12},"end":{"line":67,"column":32}},"38":{"start":{"line":68,"column":29},"end":{"line":68,"column":62}},"39":{"start":{"line":69,"column":29},"end":{"line":69,"column":55}},"40":{"start":{"line":70,"column":12},"end":{"line":70,"column":30}},"41":{"start":{"line":71,"column":12},"end":{"line":71,"column":25}},"42":{"start":{"line":72,"column":12},"end":{"line":72,"column":84}},"43":{"start":{"line":73,"column":12},"end":{"line":75,"column":20}},"44":{"start":{"line":74,"column":16},"end":{"line":74,"column":32}},"45":{"start":{"line":77,"column":12},"end":{"line":77,"column":25}},"46":{"start":{"line":78,"column":12},"end":{"line":78,"column":85}},"47":{"start":{"line":79,"column":12},"end":{"line":81,"column":20}},"48":{"start":{"line":80,"column":16},"end":{"line":80,"column":32}},"49":{"start":{"line":85,"column":23},"end":{"line":102,"column":5}},"50":{"start":{"line":86,"column":8},"end":{"line":101,"column":9}},"51":{"start":{"line":87,"column":12},"end":{"line":87,"column":53}},"52":{"start":{"line":88,"column":12},"end":{"line":88,"column":99}},"53":{"start":{"line":88,"column":39},"end":{"line":88,"column":97}},"54":{"start":{"line":89,"column":12},"end":{"line":89,"column":25}},"55":{"start":{"line":90,"column":12},"end":{"line":90,"column":65}},"56":{"start":{"line":91,"column":12},"end":{"line":93,"column":20}},"57":{"start":{"line":92,"column":16},"end":{"line":92,"column":32}},"58":{"start":{"line":97,"column":12},"end":{"line":97,"column":41}},"59":{"start":{"line":98,"column":12},"end":{"line":100,"column":20}},"60":{"start":{"line":99,"column":16},"end":{"line":99,"column":32}},"61":{"start":{"line":104,"column":23},"end":{"line":121,"column":5}},"62":{"start":{"line":105,"column":8},"end":{"line":120,"column":9}},"63":{"start":{"line":106,"column":12},"end":{"line":106,"column":40}},"64":{"start":{"line":107,"column":12},"end":{"line":107,"column":58}},"65":{"start":{"line":107,"column":42},"end":{"line":107,"column":56}},"66":{"start":{"line":108,"column":12},"end":{"line":108,"column":25}},"67":{"start":{"line":109,"column":12},"end":{"line":109,"column":55}},"68":{"start":{"line":110,"column":12},"end":{"line":112,"column":20}},"69":{"start":{"line":111,"column":16},"end":{"line":111,"column":32}},"70":{"start":{"line":115,"column":12},"end":{"line":115,"column":25}},"71":{"start":{"line":116,"column":12},"end":{"line":116,"column":41}},"72":{"start":{"line":117,"column":12},"end":{"line":119,"column":20}},"73":{"start":{"line":118,"column":16},"end":{"line":118,"column":32}},"74":{"start":{"line":123,"column":4},"end":{"line":143,"column":5}},"75":{"start":{"line":126,"column":119},"end":{"line":126,"column":144}},"76":{"start":{"line":126,"column":184},"end":{"line":126,"column":209}},"77":{"start":{"line":135,"column":32},"end":{"line":135,"column":49}},"78":{"start":{"line":137,"column":20},"end":{"line":137,"column":114}}},"fnMap":{"0":{"name":"(anonymous_0)","decl":{"start":{"line":11,"column":12},"end":{"line":11,"column":13}},"loc":{"start":{"line":11,"column":18},"end":{"line":145,"column":1}},"line":11},"1":{"name":"(anonymous_1)","decl":{"start":{"line":22,"column":14},"end":{"line":22,"column":15}},"loc":{"start":{"line":22,"column":20},"end":{"line":28,"column":5}},"line":22},"2":{"name":"(anonymous_2)","decl":{"start":{"line":24,"column":38},"end":{"line":24,"column":39}},"loc":{"start":{"line":25,"column":16},"end":{"line":25,"column":31}},"line":25},"3":{"name":"(anonymous_3)","decl":{"start":{"line":30,"column":14},"end":{"line":30,"column":15}},"loc":{"start":{"line":30,"column":20},"end":{"line":37,"column":5}},"line":30},"4":{"name":"(anonymous_4)","decl":{"start":{"line":39,"column":24},"end":{"line":39,"column":25}},"loc":{"start":{"line":39,"column":41},"end":{"line":56,"column":5}},"line":39},"5":{"name":"(anonymous_5)","decl":{"start":{"line":52,"column":23},"end":{"line":52,"column":24}},"loc":{"start":{"line":52,"column":29},"end":{"line":54,"column":13}},"line":52},"6":{"name":"(anonymous_6)","decl":{"start":{"line":58,"column":25},"end":{"line":58,"column":26}},"loc":{"start":{"line":58,"column":36},"end":{"line":62,"column":5}},"line":58},"7":{"name":"(anonymous_7)","decl":{"start":{"line":64,"column":23},"end":{"line":64,"column":24}},"loc":{"start":{"line":64,"column":42},"end":{"line":83,"column":5}},"line":64},"8":{"name":"(anonymous_8)","decl":{"start":{"line":73,"column":23},"end":{"line":73,"column":24}},"loc":{"start":{"line":73,"column":29},"end":{"line":75,"column":13}},"line":73},"9":{"name":"(anonymous_9)","decl":{"start":{"line":79,"column":23},"end":{"line":79,"column":24}},"loc":{"start":{"line":79,"column":29},"end":{"line":81,"column":13}},"line":79},"10":{"name":"(anonymous_10)","decl":{"start":{"line":85,"column":23},"end":{"line":85,"column":24}},"loc":{"start":{"line":85,"column":50},"end":{"line":102,"column":5}},"line":85},"11":{"name":"(anonymous_11)","decl":{"start":{"line":88,"column":31},"end":{"line":88,"column":32}},"loc":{"start":{"line":88,"column":39},"end":{"line":88,"column":97}},"line":88},"12":{"name":"(anonymous_12)","decl":{"start":{"line":91,"column":23},"end":{"line":91,"column":24}},"loc":{"start":{"line":91,"column":29},"end":{"line":93,"column":13}},"line":91},"13":{"name":"(anonymous_13)","decl":{"start":{"line":98,"column":23},"end":{"line":98,"column":24}},"loc":{"start":{"line":98,"column":29},"end":{"line":100,"column":13}},"line":98},"14":{"name":"(anonymous_14)","decl":{"start":{"line":104,"column":23},"end":{"line":104,"column":24}},"loc":{"start":{"line":104,"column":37},"end":{"line":121,"column":5}},"line":104},"15":{"name":"(anonymous_15)","decl":{"start":{"line":107,"column":34},"end":{"line":107,"column":35}},"loc":{"start":{"line":107,"column":42},"end":{"line":107,"column":56}},"line":107},"16":{"name":"(anonymous_16)","decl":{"start":{"line":110,"column":23},"end":{"line":110,"column":24}},"loc":{"start":{"line":110,"column":29},"end":{"line":112,"column":13}},"line":110},"17":{"name":"(anonymous_17)","decl":{"start":{"line":117,"column":23},"end":{"line":117,"column":24}},"loc":{"start":{"line":117,"column":29},"end":{"line":119,"column":13}},"line":117},"18":{"name":"(anonymous_18)","decl":{"start":{"line":126,"column":103},"end":{"line":126,"column":104}},"loc":{"start":{"line":126,"column":119},"end":{"line":126,"column":144}},"line":126},"19":{"name":"(anonymous_19)","decl":{"start":{"line":126,"column":168},"end":{"line":126,"column":169}},"loc":{"start":{"line":126,"column":184},"end":{"line":126,"column":209}},"line":126},"20":{"name":"(anonymous_20)","decl":{"start":{"line":135,"column":22},"end":{"line":135,"column":23}},"loc":{"start":{"line":135,"column":32},"end":{"line":135,"column":49}},"line":135},"21":{"name":"(anonymous_21)","decl":{"start":{"line":136,"column":21},"end":{"line":136,"column":22}},"loc":{"start":{"line":137,"column":20},"end":{"line":137,"column":114}},"line":137}},"branchMap":{"0":{"loc":{"start":{"line":23,"column":8},"end":{"line":27,"column":9}},"type":"if","locations":[{"start":{"line":23,"column":8},"end":{"line":27,"column":9}},{"start":{},"end":{}}],"line":23},"1":{"loc":{"start":{"line":32,"column":8},"end":{"line":36,"column":9}},"type":"if","locations":[{"start":{"line":32,"column":8},"end":{"line":36,"column":9}},{"start":{},"end":{}}],"line":32},"2":{"loc":{"start":{"line":88,"column":39},"end":{"line":88,"column":97}},"type":"cond-expr","locations":[{"start":{"line":88,"column":56},"end":{"line":88,"column":60}},{"start":{"line":88,"column":63},"end":{"line":88,"column":97}}],"line":88},"3":{"loc":{"start":{"line":126,"column":13},"end":{"line":126,"column":239}},"type":"binary-expr","locations":[{"start":{"line":126,"column":13},"end":{"line":126,"column":26}},{"start":{"line":126,"column":30},"end":{"line":126,"column":239}}],"line":126},"4":{"loc":{"start":{"line":127,"column":13},"end":{"line":139,"column":14}},"type":"binary-expr","locations":[{"start":{"line":127,"column":13},"end":{"line":127,"column":26}},{"start":{"line":128,"column":8},"end":{"line":139,"column":14}}],"line":127}},"s":{"0":0,"1":0,"2":0,"3":0,"4":0,"5":0,"6":0,"7":0,"8":0,"9":0,"10":0,"11":0,"12":0,"13":0,"14":0,"15":0,"16":0,"17":0,"18":0,"19":0,"20":0,"21":0,"22":0,"23":0,"24":0,"25":0,"26":0,"27":0,"28":0,"29":0,"30":0,"31":0,"32":0,"33":0,"34":0,"35":0,"36":0,"37":0,"38":0,"39":0,"40":0,"41":0,"42":0,"43":0,"44":0,"45":0,"46":0,"47":0,"48":0,"49":0,"50":0,"51":0,"52":0,"53":0,"54":0,"55":0,"56":0,"57":0,"58":0,"59":0,"60":0,"61":0,"62":0,"63":0,"64":0,"65":0,"66":0,"67":0,"68":0,"69":0,"70":0,"71":0,"72":0,"73":0,"74":0,"75":0,"76":0,"77":0,"78":0},"f":{"0":0,"1":0,"2":0,"3":0,"4":0,"5":0,"6":0,"7":0,"8":0,"9":0,"10":0,"11":0,"12":0,"13":0,"14":0,"15":0,"16":0,"17":0,"18":0,"19":0,"20":0,"21":0},"b":{"0":[0,0],"1":[0,0],"2":[0,0],"3":[0,0],"4":[0,0]}}
,"C:\\Users\\ramya\\OneDrive\\Desktop\\JSPractice\\FullStackOpen_Exercises\\part5\\src\\main.jsx": {"path":"C:\\Users\\ramya\\OneDrive\\Desktop\\JSPractice\\FullStackOpen_Exercises\\part5\\src\\main.jsx","statementMap":{"0":{"start":{"line":5,"column":0},"end":{"line":5,"column":68}}},"fnMap":{},"branchMap":{},"s":{"0":0},"f":{},"b":{}}
,"C:\\Users\\ramya\\OneDrive\\Desktop\\JSPractice\\FullStackOpen_Exercises\\part5\\src\\components\\AddBlog.jsx": {"path":"C:\\Users\\ramya\\OneDrive\\Desktop\\JSPractice\\FullStackOpen_Exercises\\part5\\src\\components\\AddBlog.jsx","statementMap":{"0":{"start":{"line":3,"column":16},"end":{"line":35,"column":1}},"1":{"start":{"line":4,"column":34},"end":{"line":8,"column":6}},"2":{"start":{"line":10,"column":22},"end":{"line":14,"column":5}},"3":{"start":{"line":11,"column":8},"end":{"line":11,"column":30}},"4":{"start":{"line":12,"column":8},"end":{"line":12,"column":27}},"5":{"start":{"line":13,"column":8},"end":{"line":13,"column":28}},"6":{"start":{"line":15,"column":4},"end":{"line":34,"column":5}},"7":{"start":{"line":21,"column":98},"end":{"line":21,"column":145}},"8":{"start":{"line":25,"column":100},"end":{"line":25,"column":148}},"9":{"start":{"line":29,"column":94},"end":{"line":29,"column":139}}},"fnMap":{"0":{"name":"(anonymous_0)","decl":{"start":{"line":3,"column":16},"end":{"line":3,"column":17}},"loc":{"start":{"line":3,"column":36},"end":{"line":35,"column":1}},"line":3},"1":{"name":"(anonymous_1)","decl":{"start":{"line":10,"column":22},"end":{"line":10,"column":23}},"loc":{"start":{"line":10,"column":33},"end":{"line":14,"column":5}},"line":10},"2":{"name":"(anonymous_2)","decl":{"start":{"line":21,"column":82},"end":{"line":21,"column":83}},"loc":{"start":{"line":21,"column":98},"end":{"line":21,"column":145}},"line":21},"3":{"name":"(anonymous_3)","decl":{"start":{"line":25,"column":84},"end":{"line":25,"column":85}},"loc":{"start":{"line":25,"column":100},"end":{"line":25,"column":148}},"line":25},"4":{"name":"(anonymous_4)","decl":{"start":{"line":29,"column":78},"end":{"line":29,"column":79}},"loc":{"start":{"line":29,"column":94},"end":{"line":29,"column":139}},"line":29}},"branchMap":{},"s":{"0":1,"1":59,"2":59,"3":1,"4":1,"5":1,"6":59,"7":18,"8":9,"9":31},"f":{"0":59,"1":1,"2":18,"3":9,"4":31},"b":{},"_coverageSchema":"1a1c01bbd47fc00a2c39e90264f33305004495a9","hash":"5e4aa1a9816a99dc13d95e76435a7a9468b4409d"}
,"C:\\Users\\ramya\\OneDrive\\Desktop\\JSPractice\\FullStackOpen_Exercises\\part5\\src\\components\\Blog.jsx": {"path":"C:\\Users\\ramya\\OneDrive\\Desktop\\JSPractice\\FullStackOpen_Exercises\\part5\\src\\components\\Blog.jsx","statementMap":{"0":{"start":{"line":3,"column":13},"end":{"line":60,"column":1}},"1":{"start":{"line":4,"column":28},"end":{"line":4,"column":39}},"2":{"start":{"line":5,"column":28},"end":{"line":5,"column":59}},"3":{"start":{"line":6,"column":28},"end":{"line":6,"column":59}},"4":{"start":{"line":8,"column":23},"end":{"line":8,"column":86}},"5":{"start":{"line":10,"column":22},"end":{"line":16,"column":5}},"6":{"start":{"line":18,"column":23},"end":{"line":20,"column":5}},"7":{"start":{"line":19,"column":8},"end":{"line":19,"column":22}},"8":{"start":{"line":22,"column":23},"end":{"line":31,"column":5}},"9":{"start":{"line":23,"column":28},"end":{"line":29,"column":9}},"10":{"start":{"line":30,"column":8},"end":{"line":30,"column":40}},"11":{"start":{"line":33,"column":25},"end":{"line":35,"column":5}},"12":{"start":{"line":34,"column":8},"end":{"line":34,"column":98}},"13":{"start":{"line":37,"column":4},"end":{"line":59,"column":5}}},"fnMap":{"0":{"name":"(anonymous_0)","decl":{"start":{"line":3,"column":13},"end":{"line":3,"column":14}},"loc":{"start":{"line":3,"column":57},"end":{"line":60,"column":1}},"line":3},"1":{"name":"(anonymous_1)","decl":{"start":{"line":18,"column":23},"end":{"line":18,"column":24}},"loc":{"start":{"line":18,"column":29},"end":{"line":20,"column":5}},"line":18},"2":{"name":"(anonymous_2)","decl":{"start":{"line":22,"column":23},"end":{"line":22,"column":24}},"loc":{"start":{"line":22,"column":29},"end":{"line":31,"column":5}},"line":22},"3":{"name":"(anonymous_3)","decl":{"start":{"line":33,"column":25},"end":{"line":33,"column":26}},"loc":{"start":{"line":33,"column":31},"end":{"line":35,"column":5}},"line":33}},"branchMap":{"0":{"loc":{"start":{"line":5,"column":39},"end":{"line":5,"column":57}},"type":"cond-expr","locations":[{"start":{"line":5,"column":46},"end":{"line":5,"column":52}},{"start":{"line":5,"column":55},"end":{"line":5,"column":57}}],"line":5},"1":{"loc":{"start":{"line":6,"column":39},"end":{"line":6,"column":57}},"type":"cond-expr","locations":[{"start":{"line":6,"column":46},"end":{"line":6,"column":48}},{"start":{"line":6,"column":51},"end":{"line":6,"column":57}}],"line":6},"2":{"loc":{"start":{"line":8,"column":34},"end":{"line":8,"column":84}},"type":"cond-expr","locations":[{"start":{"line":8,"column":73},"end":{"line":8,"column":75}},{"start":{"line":8,"column":78},"end":{"line":8,"column":84}}],"line":8},"3":{"loc":{"start":{"line":34,"column":8},"end":{"line":34,"column":98}},"type":"cond-expr","locations":[{"start":{"line":34,"column":74},"end":{"line":34,"column":93}},{"start":{"line":34,"column":96},"end":{"line":34,"column":98}}],"line":34},"4":{"loc":{"start":{"line":55,"column":20},"end":{"line":55,"column":51}},"type":"cond-expr","locations":[{"start":{"line":55,"column":32},"end":{"line":55,"column":46}},{"start":{"line":55,"column":49},"end":{"line":55,"column":51}}],"line":55}},"s":{"0":1,"1":2,"2":2,"3":2,"4":2,"5":2,"6":2,"7":0,"8":2,"9":2,"10":2,"11":2,"12":0,"13":2},"f":{"0":2,"1":0,"2":2,"3":0},"b":{"0":[0,2],"1":[0,2],"2":[2,0],"3":[0,0],"4":[2,0]},"_coverageSchema":"1a1c01bbd47fc00a2c39e90264f33305004495a9","hash":"9137a8f7e4e549586156ecd6497451d8c7804c8d"}
,"C:\\Users\\ramya\\OneDrive\\Desktop\\JSPractice\\FullStackOpen_Exercises\\part5\\src\\components\\LoginForm.jsx": {"path":"C:\\Users\\ramya\\OneDrive\\Desktop\\JSPractice\\FullStackOpen_Exercises\\part5\\src\\components\\LoginForm.jsx","statementMap":{"0":{"start":{"line":3,"column":18},"end":{"line":37,"column":1}},"1":{"start":{"line":10,"column":4},"end":{"line":36,"column":5}},"2":{"start":{"line":39,"column":0},"end":{"line":45,"column":2}}},"fnMap":{"0":{"name":"(anonymous_0)","decl":{"start":{"line":3,"column":18},"end":{"line":3,"column":19}},"loc":{"start":{"line":9,"column":6},"end":{"line":37,"column":1}},"line":9}},"branchMap":{},"s":{"0":0,"1":0,"2":0},"f":{"0":0},"b":{}}
,"C:\\Users\\ramya\\OneDrive\\Desktop\\JSPractice\\FullStackOpen_Exercises\\part5\\src\\components\\Logout.jsx": {"path":"C:\\Users\\ramya\\OneDrive\\Desktop\\JSPractice\\FullStackOpen_Exercises\\part5\\src\\components\\Logout.jsx","statementMap":{"0":{"start":{"line":1,"column":15},"end":{"line":7,"column":1}},"1":{"start":{"line":2,"column":4},"end":{"line":6,"column":5}}},"fnMap":{"0":{"name":"(anonymous_0)","decl":{"start":{"line":1,"column":15},"end":{"line":1,"column":16}},"loc":{"start":{"line":1,"column":37},"end":{"line":7,"column":1}},"line":1}},"branchMap":{},"s":{"0":0,"1":0},"f":{"0":0},"b":{}}
,"C:\\Users\\ramya\\OneDrive\\Desktop\\JSPractice\\FullStackOpen_Exercises\\part5\\src\\components\\Notification.jsx": {"path":"C:\\Users\\ramya\\OneDrive\\Desktop\\JSPractice\\FullStackOpen_Exercises\\part5\\src\\components\\Notification.jsx","statementMap":{"0":{"start":{"line":1,"column":21},"end":{"line":15,"column":1}},"1":{"start":{"line":2,"column":4},"end":{"line":4,"column":5}},"2":{"start":{"line":3,"column":8},"end":{"line":3,"column":19}},"3":{"start":{"line":6,"column":4},"end":{"line":14,"column":5}}},"fnMap":{"0":{"name":"(anonymous_0)","decl":{"start":{"line":1,"column":21},"end":{"line":1,"column":22}},"loc":{"start":{"line":1,"column":47},"end":{"line":15,"column":1}},"line":1}},"branchMap":{"0":{"loc":{"start":{"line":2,"column":4},"end":{"line":4,"column":5}},"type":"if","locations":[{"start":{"line":2,"column":4},"end":{"line":4,"column":5}},{"start":{},"end":{}}],"line":2},"1":{"loc":{"start":{"line":7,"column":8},"end":{"line":13,"column":18}},"type":"cond-expr","locations":[{"start":{"line":8,"column":12},"end":{"line":10,"column":18}},{"start":{"line":11,"column":12},"end":{"line":13,"column":18}}],"line":7}},"s":{"0":0,"1":0,"2":0,"3":0},"f":{"0":0},"b":{"0":[0,0],"1":[0,0]}}
,"C:\\Users\\ramya\\OneDrive\\Desktop\\JSPractice\\FullStackOpen_Exercises\\part5\\src\\components\\Togglable.jsx": {"path":"C:\\Users\\ramya\\OneDrive\\Desktop\\JSPractice\\FullStackOpen_Exercises\\part5\\src\\components\\Togglable.jsx","statementMap":{"0":{"start":{"line":4,"column":18},"end":{"line":30,"column":2}},"1":{"start":{"line":5,"column":34},"end":{"line":5,"column":45}},"2":{"start":{"line":7,"column":28},"end":{"line":7,"column":62}},"3":{"start":{"line":8,"column":28},"end":{"line":8,"column":62}},"4":{"start":{"line":10,"column":29},"end":{"line":12,"column":5}},"5":{"start":{"line":11,"column":8},"end":{"line":11,"column":28}},"6":{"start":{"line":14,"column":4},"end":{"line":18,"column":6}},"7":{"start":{"line":15,"column":8},"end":{"line":17,"column":9}},"8":{"start":{"line":19,"column":4},"end":{"line":29,"column":5}},"9":{"start":{"line":32,"column":0},"end":{"line":32,"column":35}},"10":{"start":{"line":34,"column":0},"end":{"line":37,"column":1}}},"fnMap":{"0":{"name":"(anonymous_0)","decl":{"start":{"line":4,"column":29},"end":{"line":4,"column":30}},"loc":{"start":{"line":4,"column":45},"end":{"line":30,"column":1}},"line":4},"1":{"name":"(anonymous_1)","decl":{"start":{"line":10,"column":29},"end":{"line":10,"column":30}},"loc":{"start":{"line":10,"column":35},"end":{"line":12,"column":5}},"line":10},"2":{"name":"(anonymous_2)","decl":{"start":{"line":14,"column":29},"end":{"line":14,"column":30}},"loc":{"start":{"line":14,"column":35},"end":{"line":18,"column":5}},"line":14}},"branchMap":{"0":{"loc":{"start":{"line":7,"column":39},"end":{"line":7,"column":60}},"type":"cond-expr","locations":[{"start":{"line":7,"column":49},"end":{"line":7,"column":55}},{"start":{"line":7,"column":58},"end":{"line":7,"column":60}}],"line":7},"1":{"loc":{"start":{"line":8,"column":39},"end":{"line":8,"column":60}},"type":"cond-expr","locations":[{"start":{"line":8,"column":49},"end":{"line":8,"column":51}},{"start":{"line":8,"column":54},"end":{"line":8,"column":60}}],"line":8}},"s":{"0":1,"1":5,"2":5,"3":5,"4":5,"5":3,"6":5,"7":0,"8":5,"9":1,"10":1},"f":{"0":5,"1":3,"2":0},"b":{"0":[2,3],"1":[2,3]},"_coverageSchema":"1a1c01bbd47fc00a2c39e90264f33305004495a9","hash":"1be701d44a44cfc8074412ebda7365fc33c71a09"}
,"C:\\Users\\ramya\\OneDrive\\Desktop\\JSPractice\\FullStackOpen_Exercises\\part5\\src\\services\\blogs.js": {"path":"C:\\Users\\ramya\\OneDrive\\Desktop\\JSPractice\\FullStackOpen_Exercises\\part5\\src\\services\\blogs.js","statementMap":{"0":{"start":{"line":2,"column":16},"end":{"line":2,"column":28}},"1":{"start":{"line":4,"column":12},"end":{"line":4,"column":16}},"2":{"start":{"line":6,"column":17},"end":{"line":8,"column":1}},"3":{"start":{"line":7,"column":4},"end":{"line":7,"column":32}},"4":{"start":{"line":10,"column":15},"end":{"line":17,"column":1}},"5":{"start":{"line":11,"column":19},"end":{"line":13,"column":5}},"6":{"start":{"line":15,"column":21},"end":{"line":15,"column":53}},"7":{"start":{"line":16,"column":4},"end":{"line":16,"column":24}},"8":{"start":{"line":19,"column":15},"end":{"line":26,"column":1}},"9":{"start":{"line":20,"column":19},"end":{"line":22,"column":5}},"10":{"start":{"line":24,"column":21},"end":{"line":24,"column":65}},"11":{"start":{"line":25,"column":4},"end":{"line":25,"column":24}},"12":{"start":{"line":28,"column":16},"end":{"line":35,"column":1}},"13":{"start":{"line":29,"column":19},"end":{"line":31,"column":5}},"14":{"start":{"line":33,"column":21},"end":{"line":33,"column":64}},"15":{"start":{"line":34,"column":4},"end":{"line":34,"column":24}},"16":{"start":{"line":37,"column":15},"end":{"line":43,"column":1}},"17":{"start":{"line":38,"column":19},"end":{"line":40,"column":5}},"18":{"start":{"line":41,"column":21},"end":{"line":41,"column":75}},"19":{"start":{"line":42,"column":4},"end":{"line":42,"column":24}},"20":{"start":{"line":45,"column":15},"end":{"line":52,"column":1}},"21":{"start":{"line":46,"column":19},"end":{"line":48,"column":5}},"22":{"start":{"line":50,"column":21},"end":{"line":50,"column":66}},"23":{"start":{"line":51,"column":4},"end":{"line":51,"column":24}}},"fnMap":{"0":{"name":"(anonymous_0)","decl":{"start":{"line":6,"column":17},"end":{"line":6,"column":18}},"loc":{"start":{"line":6,"column":29},"end":{"line":8,"column":1}},"line":6},"1":{"name":"(anonymous_1)","decl":{"start":{"line":10,"column":15},"end":{"line":10,"column":16}},"loc":{"start":{"line":10,"column":27},"end":{"line":17,"column":1}},"line":10},"2":{"name":"(anonymous_2)","decl":{"start":{"line":19,"column":15},"end":{"line":19,"column":16}},"loc":{"start":{"line":19,"column":34},"end":{"line":26,"column":1}},"line":19},"3":{"name":"(anonymous_3)","decl":{"start":{"line":28,"column":16},"end":{"line":28,"column":17}},"loc":{"start":{"line":28,"column":30},"end":{"line":35,"column":1}},"line":28},"4":{"name":"(anonymous_4)","decl":{"start":{"line":37,"column":15},"end":{"line":37,"column":16}},"loc":{"start":{"line":37,"column":40},"end":{"line":43,"column":1}},"line":37},"5":{"name":"(anonymous_5)","decl":{"start":{"line":45,"column":15},"end":{"line":45,"column":16}},"loc":{"start":{"line":45,"column":29},"end":{"line":52,"column":1}},"line":45}},"branchMap":{},"s":{"0":0,"1":0,"2":0,"3":0,"4":0,"5":0,"6":0,"7":0,"8":0,"9":0,"10":0,"11":0,"12":0,"13":0,"14":0,"15":0,"16":0,"17":0,"18":0,"19":0,"20":0,"21":0,"22":0,"23":0},"f":{"0":0,"1":0,"2":0,"3":0,"4":0,"5":0},"b":{}}
,"C:\\Users\\ramya\\OneDrive\\Desktop\\JSPractice\\FullStackOpen_Exercises\\part5\\src\\services\\login.js": {"path":"C:\\Users\\ramya\\OneDrive\\Desktop\\JSPractice\\FullStackOpen_Exercises\\part5\\src\\services\\login.js","statementMap":{"0":{"start":{"line":2,"column":16},"end":{"line":2,"column":28}},"1":{"start":{"line":4,"column":14},"end":{"line":8,"column":1}},"2":{"start":{"line":5,"column":4},"end":{"line":5,"column":28}},"3":{"start":{"line":6,"column":21},"end":{"line":6,"column":59}},"4":{"start":{"line":7,"column":4},"end":{"line":7,"column":24}}},"fnMap":{"0":{"name":"(anonymous_0)","decl":{"start":{"line":4,"column":14},"end":{"line":4,"column":15}},"loc":{"start":{"line":4,"column":35},"end":{"line":8,"column":1}},"line":4}},"branchMap":{},"s":{"0":0,"1":0,"2":0,"3":0,"4":0},"f":{"0":0},"b":{}}
}
